\\cfs-04\home4\12810474\my documents\github\codingdead\functioncalling\alivefunction7\alivefunction7\x64\debug\vc141.pdb
\\cfs-04\home4\12810474\my documents\github\codingdead\functioncalling\alivefunction7\alivefunction7\x64\debug\vc141.idb
\\cfs-04\home4\12810474\my documents\github\codingdead\functioncalling\alivefunction7\alivefunction7\x64\debug\main.obj
\\cfs-04\home4\12810474\my documents\github\codingdead\functioncalling\alivefunction7\alivefunction7\x64\debug\alivesamplecode7.obj
c:\users\12810474\2020上_自己研鑽\codingdead\functioncalling\alivefunction7\alivefunction7\x64\debug\vc141.pdb
c:\users\12810474\2020上_自己研鑽\codingdead\functioncalling\alivefunction7\alivefunction7\x64\debug\vc141.idb
c:\users\12810474\2020上_自己研鑽\codingdead\functioncalling\alivefunction7\alivefunction7\x64\debug\main.obj
c:\users\12810474\2020上_自己研鑽\codingdead\functioncalling\alivefunction7\alivefunction7\x64\debug\alivesamplecode7.obj
\\cfs-04\home4\12810474\my documents\github\codingdead\functioncalling\x64\debug\alivefunction7.ilk
\\cfs-04\home4\12810474\my documents\github\codingdead\functioncalling\x64\debug\alivefunction7.exe
\\cfs-04\home4\12810474\my documents\github\codingdead\functioncalling\x64\debug\alivefunction7.pdb
c:\users\12810474\2020上_自己研鑽\codingdead\functioncalling\x64\debug\alivefunction7.ilk
c:\users\12810474\2020上_自己研鑽\codingdead\functioncalling\x64\debug\alivefunction7.exe
c:\users\12810474\2020上_自己研鑽\codingdead\functioncalling\x64\debug\alivefunction7.pdb
c:\users\12810474\2020上_自己研鑽\codingdead\functioncalling\alivefunction7\alivefunction7\x64\debug\alivefunction7.tlog\cl.command.1.tlog
c:\users\12810474\2020上_自己研鑽\codingdead\functioncalling\alivefunction7\alivefunction7\x64\debug\alivefunction7.tlog\cl.read.1.tlog
c:\users\12810474\2020上_自己研鑽\codingdead\functioncalling\alivefunction7\alivefunction7\x64\debug\alivefunction7.tlog\cl.write.1.tlog
c:\users\12810474\2020上_自己研鑽\codingdead\functioncalling\alivefunction7\alivefunction7\x64\debug\alivefunction7.tlog\link.command.1.tlog
c:\users\12810474\2020上_自己研鑽\codingdead\functioncalling\alivefunction7\alivefunction7\x64\debug\alivefunction7.tlog\link.read.1.tlog
c:\users\12810474\2020上_自己研鑽\codingdead\functioncalling\alivefunction7\alivefunction7\x64\debug\alivefunction7.tlog\link.write.1.tlog
