\\cfs-04\home4\12810474\my documents\github\codingdead\functioncalling\x64\debug\alivefunction16_dllcalssheader.lib
\\cfs-04\home4\12810474\my documents\github\codingdead\functioncalling\x64\debug\alivefunction16_dllcalssheader.exp
c:\users\12810474\2020上_自己研鑽\codingdead\functioncalling\x64\debug\alivefunction16_dllcalssheader.lib
c:\users\12810474\2020上_自己研鑽\codingdead\functioncalling\x64\debug\alivefunction16_dllcalssheader.exp
\\cfs-04\home4\12810474\my documents\github\codingdead\functioncalling\alivefunction16_dllcalssheader\alivefunction16_dllcalssheader\x64\debug\vc141.pdb
\\cfs-04\home4\12810474\my documents\github\codingdead\functioncalling\alivefunction16_dllcalssheader\alivefunction16_dllcalssheader\x64\debug\vc141.idb
\\cfs-04\home4\12810474\my documents\github\codingdead\functioncalling\alivefunction16_dllcalssheader\alivefunction16_dllcalssheader\x64\debug\main.obj
c:\users\12810474\2020上_自己研鑽\codingdead\functioncalling\alivefunction16_dllcalssheader\alivefunction16_dllcalssheader\x64\debug\vc141.pdb
c:\users\12810474\2020上_自己研鑽\codingdead\functioncalling\alivefunction16_dllcalssheader\alivefunction16_dllcalssheader\x64\debug\vc141.idb
c:\users\12810474\2020上_自己研鑽\codingdead\functioncalling\alivefunction16_dllcalssheader\alivefunction16_dllcalssheader\x64\debug\main.obj
\\cfs-04\home4\12810474\my documents\github\codingdead\functioncalling\x64\debug\alivefunction16_dllcalssheader.ilk
\\cfs-04\home4\12810474\my documents\github\codingdead\functioncalling\x64\debug\alivefunction16_dllcalssheader.exe
\\cfs-04\home4\12810474\my documents\github\codingdead\functioncalling\x64\debug\alivefunction16_dllcalssheader.pdb
c:\users\12810474\2020上_自己研鑽\codingdead\functioncalling\x64\debug\alivefunction16_dllcalssheader.ilk
c:\users\12810474\2020上_自己研鑽\codingdead\functioncalling\x64\debug\alivefunction16_dllcalssheader.exe
c:\users\12810474\2020上_自己研鑽\codingdead\functioncalling\x64\debug\alivefunction16_dllcalssheader.pdb
c:\users\12810474\2020上_自己研鑽\codingdead\functioncalling\alivefunction16_dllcalssheader\alivefunction16_dllcalssheader\x64\debug\alivefun.d050495b.tlog\alivefunction16_dllcalssheader.write.1u.tlog
c:\users\12810474\2020上_自己研鑽\codingdead\functioncalling\alivefunction16_dllcalssheader\alivefunction16_dllcalssheader\x64\debug\alivefun.d050495b.tlog\cl.command.1.tlog
c:\users\12810474\2020上_自己研鑽\codingdead\functioncalling\alivefunction16_dllcalssheader\alivefunction16_dllcalssheader\x64\debug\alivefun.d050495b.tlog\cl.read.1.tlog
c:\users\12810474\2020上_自己研鑽\codingdead\functioncalling\alivefunction16_dllcalssheader\alivefunction16_dllcalssheader\x64\debug\alivefun.d050495b.tlog\cl.write.1.tlog
c:\users\12810474\2020上_自己研鑽\codingdead\functioncalling\alivefunction16_dllcalssheader\alivefunction16_dllcalssheader\x64\debug\alivefun.d050495b.tlog\link.command.1.tlog
c:\users\12810474\2020上_自己研鑽\codingdead\functioncalling\alivefunction16_dllcalssheader\alivefunction16_dllcalssheader\x64\debug\alivefun.d050495b.tlog\link.read.1.tlog
c:\users\12810474\2020上_自己研鑽\codingdead\functioncalling\alivefunction16_dllcalssheader\alivefunction16_dllcalssheader\x64\debug\alivefun.d050495b.tlog\link.write.1.tlog
