\\cfs-04\home4\12810474\my documents\github\codingdead\functioncalling\alivefunction2\alivefunction2\x64\debug\vc141.pdb
\\cfs-04\home4\12810474\my documents\github\codingdead\functioncalling\alivefunction2\alivefunction2\x64\debug\vc141.idb
\\cfs-04\home4\12810474\my documents\github\codingdead\functioncalling\alivefunction2\alivefunction2\x64\debug\alivesamplecode2.obj
\\cfs-04\home4\12810474\my documents\github\codingdead\functioncalling\alivefunction2\alivefunction2\x64\debug\main.obj
c:\users\12810474\2020上_自己研鑽\codingdead\functioncalling\alivefunction2\alivefunction2\x64\debug\vc141.pdb
c:\users\12810474\2020上_自己研鑽\codingdead\functioncalling\alivefunction2\alivefunction2\x64\debug\vc141.idb
c:\users\12810474\2020上_自己研鑽\codingdead\functioncalling\alivefunction2\alivefunction2\x64\debug\main.obj
c:\users\12810474\2020上_自己研鑽\codingdead\functioncalling\alivefunction2\alivefunction2\x64\debug\alivesamplecode2.obj
\\cfs-04\home4\12810474\my documents\github\codingdead\functioncalling\x64\debug\alivefunction2.ilk
\\cfs-04\home4\12810474\my documents\github\codingdead\functioncalling\x64\debug\alivefunction2.exe
\\cfs-04\home4\12810474\my documents\github\codingdead\functioncalling\x64\debug\alivefunction2.pdb
c:\users\12810474\2020上_自己研鑽\codingdead\functioncalling\x64\debug\alivefunction2.ilk
c:\users\12810474\2020上_自己研鑽\codingdead\functioncalling\x64\debug\alivefunction2.exe
c:\users\12810474\2020上_自己研鑽\codingdead\functioncalling\x64\debug\alivefunction2.pdb
c:\users\12810474\2020上_自己研鑽\codingdead\functioncalling\alivefunction2\alivefunction2\x64\debug\alivefunction2.tlog\cl.command.1.tlog
c:\users\12810474\2020上_自己研鑽\codingdead\functioncalling\alivefunction2\alivefunction2\x64\debug\alivefunction2.tlog\cl.read.1.tlog
c:\users\12810474\2020上_自己研鑽\codingdead\functioncalling\alivefunction2\alivefunction2\x64\debug\alivefunction2.tlog\cl.write.1.tlog
c:\users\12810474\2020上_自己研鑽\codingdead\functioncalling\alivefunction2\alivefunction2\x64\debug\alivefunction2.tlog\link.command.1.tlog
c:\users\12810474\2020上_自己研鑽\codingdead\functioncalling\alivefunction2\alivefunction2\x64\debug\alivefunction2.tlog\link.read.1.tlog
c:\users\12810474\2020上_自己研鑽\codingdead\functioncalling\alivefunction2\alivefunction2\x64\debug\alivefunction2.tlog\link.write.1.tlog
